
> content-creator@0.1.0 build
> next build

- info Loaded env from /Volumes/Projects/website/apps/content-creator/.env.local
- warn You have enabled experimental features (esmExternals, serverActions, serverComponentsExternalPackages) in next.config.js.
- warn Experimental features are not covered by semver, and may cause unexpected or broken application behavior. Use at your own risk.

- info Creating an optimized production build...
- info Compiled successfully
- info Linting and checking validity of types...
- info Collecting page data...
- info Generating static pages (0/8)
- info Generating static pages (2/8)
- info Generating static pages (4/8)
- info Generating static pages (6/8)
- info Generating static pages (8/8)
- info Finalizing page optimization...

Route (app)                                Size     First Load JS
┌ λ /                                      2.5 kB          112 kB
├ λ /                                      2.5 kB          112 kB
├ λ /                                      2.5 kB          112 kB
├ λ /_not-found                            0 B                0 B
├ λ /[segment]                             300 B          86.6 kB
├ λ /[segment]                             300 B          86.6 kB
├ λ /[segment]                             300 B          86.6 kB
├ λ /api/auth/[...nextauth]                0 B                0 B
├ λ /api/medias                            0 B                0 B
├ λ /api/medias/create                     0 B                0 B
├ λ /api/socials                           0 B                0 B
└ λ /new/media                             9.2 kB          114 kB
+ First Load JS shared by all              81.4 kB
  ├ chunks/804-c44953d4e74e6cd6.js         26.7 kB
  ├ chunks/8593596e-7347b08b48a30766.js    52.7 kB
  ├ chunks/main-app-fc36fcb62043fc40.js    222 B
  └ chunks/webpack-9fd7cbb9cd8aa2fe.js     1.83 kB

Route (pages)                              Size     First Load JS
+ First Load JS shared by all              76.5 kB
  ├ chunks/framework-0857c1c24dbfb1d6.js   45.1 kB
  ├ chunks/main-3fda09eb9d8d62af.js        29.4 kB
  ├ chunks/pages/_app-12a7bb3ca92362ee.js  195 B
  └ chunks/webpack-9fd7cbb9cd8aa2fe.js     1.83 kB

λ  (Server)  server-side renders at runtime (uses getInitialProps or getServerSideProps)

